The system is: Windows - 10.0.22621 - AMD64
Compiling the C compiler identification source file "CMakeCCompilerId.c" succeeded.
Compiler:  
Build flags: 
Id flags:  

The output was:
0
MSBuild version 17.6.3+07e294721 for .NET Framework
生成启动时间为 2023/7/25 17:39:27。

节点 1 上的项目“D:\zhuzhu\WeHelper\CMakeFiles\3.25.0-rc2\CompilerIdC\CompilerIdC.vcxproj”(默认目标)。
PrepareForBuild:
  正在创建目录“Debug\”。
  正在创建目录“Debug\CompilerIdC.tlog\”。
InitializeBuildStatus:
  正在创建“Debug\CompilerIdC.tlog\unsuccessfulbuild”，因为已指定“AlwaysCreate”。
VcpkgTripletSelection:
  Using triplet "x64-windows" from "D:\tools\vcpkg\installed\x64-windows\"
  Using normalized configuration "Release"
ClCompile:
  C:\Program Files\Microsoft Visual Studio\2022\Community\VC\Tools\MSVC\14.36.32532\bin\HostX64\x64\CL.exe /c /I"D:\tools\vcpkg\installed\x64-windows\include" /nologo /W0 /WX- /diagnostics:column /Od /D _MBCS /Gm- /EHsc /RTC1 /MDd /GS /fp:precise /Zc:wchar_t /Zc:forScope /Zc:inline /Fo"Debug\\" /Fd"Debug\vc143.pdb" /external:W0 /Gd /TC /FC /errorReport:queue CMakeCCompilerId.c
  CMakeCCompilerId.c
Link:
  C:\Program Files\Microsoft Visual Studio\2022\Community\VC\Tools\MSVC\14.36.32532\bin\HostX64\x64\link.exe /ERRORREPORT:QUEUE /OUT:".\CompilerIdC.exe" /INCREMENTAL:NO /NOLOGO /LIBPATH:"D:\tools\vcpkg\installed\x64-windows\lib" /LIBPATH:"D:\tools\vcpkg\installed\x64-windows\lib\manual-link" kernel32.lib user32.lib gdi32.lib winspool.lib comdlg32.lib advapi32.lib shell32.lib ole32.lib oleaut32.lib uuid.lib odbc32.lib odbccp32.lib "D:\tools\vcpkg\installed\x64-windows\lib\*.lib" /MANIFEST /MANIFESTUAC:"level='asInvoker' uiAccess='false'" /manifest:embed /PDB:".\CompilerIdC.pdb" /SUBSYSTEM:CONSOLE /TLBID:1 /DYNAMICBASE /NXCOMPAT /IMPLIB:".\CompilerIdC.lib" /MACHINE:X64 Debug\CMakeCCompilerId.obj
  CompilerIdC.vcxproj -> D:\zhuzhu\WeHelper\CMakeFiles\3.25.0-rc2\CompilerIdC\CompilerIdC.exe
AppLocalFromInstalled:
  pwsh.exe -ExecutionPolicy Bypass -noprofile -File "D:\tools\vcpkg\scripts\buildsystems\msbuild\applocal.ps1" "D:\zhuzhu\WeHelper\CMakeFiles\3.25.0-rc2\CompilerIdC\CompilerIdC.exe" "D:\tools\vcpkg\installed\x64-windows\bin" "Debug\CompilerIdC.tlog\CompilerIdC.write.1u.tlog" "Debug\vcpkg.applocal.log"
  'pwsh.exe' 不是内部或外部命令，也不是可运行的程序
  或批处理文件。
  命令“pwsh.exe -ExecutionPolicy Bypass -noprofile -File "D:\tools\vcpkg\scripts\buildsystems\msbuild\applocal.ps1" "D:\zhuzhu\WeHelper\CMakeFiles\3.25.0-rc2\CompilerIdC\CompilerIdC.exe" "D:\tools\vcpkg\installed\x64-windows\bin" "Debug\CompilerIdC.tlog\CompilerIdC.write.1u.tlog" "Debug\vcpkg.applocal.log"”已退出，代码为 9009。
  "C:\WINDOWS\System32\WindowsPowerShell\v1.0\powershell.exe" -ExecutionPolicy Bypass -noprofile -File "D:\tools\vcpkg\scripts\buildsystems\msbuild\applocal.ps1" "D:\zhuzhu\WeHelper\CMakeFiles\3.25.0-rc2\CompilerIdC\CompilerIdC.exe" "D:\tools\vcpkg\installed\x64-windows\bin" "Debug\CompilerIdC.tlog\CompilerIdC.write.1u.tlog" "Debug\vcpkg.applocal.log"
PostBuildEvent:
  for %%i in (cl.exe) do @echo CMAKE_C_COMPILER=%%~$PATH:i
  :VCEnd
  CMAKE_C_COMPILER=C:\Program Files\Microsoft Visual Studio\2022\Community\VC\Tools\MSVC\14.36.32532\bin\Hostx64\x64\cl.exe
FinalizeBuildStatus:
  正在删除文件“Debug\CompilerIdC.tlog\unsuccessfulbuild”。
  正在对“Debug\CompilerIdC.tlog\CompilerIdC.lastbuildstate”执行 Touch 任务。
已完成生成项目“D:\zhuzhu\WeHelper\CMakeFiles\3.25.0-rc2\CompilerIdC\CompilerIdC.vcxproj”(默认目标)的操作。

已成功生成。
    0 个警告
    0 个错误

已用时间 00:00:01.17


Compilation of the C compiler identification source "CMakeCCompilerId.c" produced "CompilerIdC.exe"

Compilation of the C compiler identification source "CMakeCCompilerId.c" produced "CompilerIdC.vcxproj"

The C compiler identification is MSVC, found in "D:/zhuzhu/WeHelper/CMakeFiles/3.25.0-rc2/CompilerIdC/CompilerIdC.exe"

Compiling the CXX compiler identification source file "CMakeCXXCompilerId.cpp" succeeded.
Compiler:  
Build flags: 
Id flags:  

The output was:
0
MSBuild version 17.6.3+07e294721 for .NET Framework
生成启动时间为 2023/7/25 17:39:28。

节点 1 上的项目“D:\zhuzhu\WeHelper\CMakeFiles\3.25.0-rc2\CompilerIdCXX\CompilerIdCXX.vcxproj”(默认目标)。
PrepareForBuild:
  正在创建目录“Debug\”。
  正在创建目录“Debug\CompilerIdCXX.tlog\”。
InitializeBuildStatus:
  正在创建“Debug\CompilerIdCXX.tlog\unsuccessfulbuild”，因为已指定“AlwaysCreate”。
VcpkgTripletSelection:
  Using triplet "x64-windows" from "D:\tools\vcpkg\installed\x64-windows\"
  Using normalized configuration "Release"
ClCompile:
  C:\Program Files\Microsoft Visual Studio\2022\Community\VC\Tools\MSVC\14.36.32532\bin\HostX64\x64\CL.exe /c /I"D:\tools\vcpkg\installed\x64-windows\include" /nologo /W0 /WX- /diagnostics:column /Od /D _MBCS /Gm- /EHsc /RTC1 /MDd /GS /fp:precise /Zc:wchar_t /Zc:forScope /Zc:inline /Fo"Debug\\" /Fd"Debug\vc143.pdb" /external:W0 /Gd /TP /FC /errorReport:queue CMakeCXXCompilerId.cpp
  CMakeCXXCompilerId.cpp
Link:
  C:\Program Files\Microsoft Visual Studio\2022\Community\VC\Tools\MSVC\14.36.32532\bin\HostX64\x64\link.exe /ERRORREPORT:QUEUE /OUT:".\CompilerIdCXX.exe" /INCREMENTAL:NO /NOLOGO /LIBPATH:"D:\tools\vcpkg\installed\x64-windows\lib" /LIBPATH:"D:\tools\vcpkg\installed\x64-windows\lib\manual-link" kernel32.lib user32.lib gdi32.lib winspool.lib comdlg32.lib advapi32.lib shell32.lib ole32.lib oleaut32.lib uuid.lib odbc32.lib odbccp32.lib "D:\tools\vcpkg\installed\x64-windows\lib\*.lib" /MANIFEST /MANIFESTUAC:"level='asInvoker' uiAccess='false'" /manifest:embed /PDB:".\CompilerIdCXX.pdb" /SUBSYSTEM:CONSOLE /TLBID:1 /DYNAMICBASE /NXCOMPAT /IMPLIB:".\CompilerIdCXX.lib" /MACHINE:X64 Debug\CMakeCXXCompilerId.obj
  CompilerIdCXX.vcxproj -> D:\zhuzhu\WeHelper\CMakeFiles\3.25.0-rc2\CompilerIdCXX\CompilerIdCXX.exe
AppLocalFromInstalled:
  pwsh.exe -ExecutionPolicy Bypass -noprofile -File "D:\tools\vcpkg\scripts\buildsystems\msbuild\applocal.ps1" "D:\zhuzhu\WeHelper\CMakeFiles\3.25.0-rc2\CompilerIdCXX\CompilerIdCXX.exe" "D:\tools\vcpkg\installed\x64-windows\bin" "Debug\CompilerIdCXX.tlog\CompilerIdCXX.write.1u.tlog" "Debug\vcpkg.applocal.log"
  'pwsh.exe' 不是内部或外部命令，也不是可运行的程序
  或批处理文件。
  命令“pwsh.exe -ExecutionPolicy Bypass -noprofile -File "D:\tools\vcpkg\scripts\buildsystems\msbuild\applocal.ps1" "D:\zhuzhu\WeHelper\CMakeFiles\3.25.0-rc2\CompilerIdCXX\CompilerIdCXX.exe" "D:\tools\vcpkg\installed\x64-windows\bin" "Debug\CompilerIdCXX.tlog\CompilerIdCXX.write.1u.tlog" "Debug\vcpkg.applocal.log"”已退出，代码为 9009。
  "C:\WINDOWS\System32\WindowsPowerShell\v1.0\powershell.exe" -ExecutionPolicy Bypass -noprofile -File "D:\tools\vcpkg\scripts\buildsystems\msbuild\applocal.ps1" "D:\zhuzhu\WeHelper\CMakeFiles\3.25.0-rc2\CompilerIdCXX\CompilerIdCXX.exe" "D:\tools\vcpkg\installed\x64-windows\bin" "Debug\CompilerIdCXX.tlog\CompilerIdCXX.write.1u.tlog" "Debug\vcpkg.applocal.log"
PostBuildEvent:
  for %%i in (cl.exe) do @echo CMAKE_CXX_COMPILER=%%~$PATH:i
  :VCEnd
  CMAKE_CXX_COMPILER=C:\Program Files\Microsoft Visual Studio\2022\Community\VC\Tools\MSVC\14.36.32532\bin\Hostx64\x64\cl.exe
FinalizeBuildStatus:
  正在删除文件“Debug\CompilerIdCXX.tlog\unsuccessfulbuild”。
  正在对“Debug\CompilerIdCXX.tlog\CompilerIdCXX.lastbuildstate”执行 Touch 任务。
已完成生成项目“D:\zhuzhu\WeHelper\CMakeFiles\3.25.0-rc2\CompilerIdCXX\CompilerIdCXX.vcxproj”(默认目标)的操作。

已成功生成。
    0 个警告
    0 个错误

已用时间 00:00:00.85


Compilation of the CXX compiler identification source "CMakeCXXCompilerId.cpp" produced "CompilerIdCXX.exe"

Compilation of the CXX compiler identification source "CMakeCXXCompilerId.cpp" produced "CompilerIdCXX.vcxproj"

The CXX compiler identification is MSVC, found in "D:/zhuzhu/WeHelper/CMakeFiles/3.25.0-rc2/CompilerIdCXX/CompilerIdCXX.exe"

Detecting C compiler ABI info compiled with the following output:
Change Dir: D:/zhuzhu/WeHelper/CMakeFiles/CMakeScratch/TryCompile-9c1ql2

Run Build Command(s):C:/Program Files/Microsoft Visual Studio/2022/Community/MSBuild/Current/Bin/amd64/MSBuild.exe cmTC_4e674.vcxproj /p:Configuration=Debug /p:Platform=x64 /p:VisualStudioVersion=17.0 /v:m && MSBuild version 17.6.3+07e294721 for .NET Framework

  Microsoft (R) C/C++ Optimizing Compiler Version 19.36.32537 for x64
  CMakeCCompilerABI.c
  Copyright (C) Microsoft Corporation.  All rights reserved.
  cl /c /I"D:\tools\vcpkg\installed\x64-windows\include" /Zi /W1 /WX- /diagnostics:column /Od /Ob0 /D _MBCS /D WIN32 /D _WINDOWS /D "CMAKE_INTDIR=\"Debug\"" /Gm- /RTC1 /MDd /GS /fp:precise /Zc:wchar_t /Zc:forScope /Zc:inline /Fo"cmTC_4e674.dir\Debug\\" /Fd"cmTC_4e674.dir\Debug\vc143.pdb" /external:W1 /Gd /TC /errorReport:queue "D:\tools\cmake325\share\cmake-3.25\Modules\CMakeCCompilerABI.c"
  cmTC_4e674.vcxproj -> D:\zhuzhu\WeHelper\CMakeFiles\CMakeScratch\TryCompile-9c1ql2\Debug\cmTC_4e674.exe



Detecting CXX compiler ABI info compiled with the following output:
Change Dir: D:/zhuzhu/WeHelper/CMakeFiles/CMakeScratch/TryCompile-53zlw2

Run Build Command(s):C:/Program Files/Microsoft Visual Studio/2022/Community/MSBuild/Current/Bin/amd64/MSBuild.exe cmTC_9a396.vcxproj /p:Configuration=Debug /p:Platform=x64 /p:VisualStudioVersion=17.0 /v:m && MSBuild version 17.6.3+07e294721 for .NET Framework

  Microsoft (R) C/C++ Optimizing Compiler Version 19.36.32537 for x64
  CMakeCXXCompilerABI.cpp
  Copyright (C) Microsoft Corporation.  All rights reserved.
  cl /c /I"D:\tools\vcpkg\installed\x64-windows\include" /Zi /W1 /WX- /diagnostics:column /Od /Ob0 /D _MBCS /D WIN32 /D _WINDOWS /D "CMAKE_INTDIR=\"Debug\"" /Gm- /EHsc /RTC1 /MDd /GS /fp:precise /Zc:wchar_t /Zc:forScope /Zc:inline /Fo"cmTC_9a396.dir\Debug\\" /Fd"cmTC_9a396.dir\Debug\vc143.pdb" /external:W1 /Gd /TP /errorReport:queue "D:\tools\cmake325\share\cmake-3.25\Modules\CMakeCXXCompilerABI.cpp"
  cmTC_9a396.vcxproj -> D:\zhuzhu\WeHelper\CMakeFiles\CMakeScratch\TryCompile-53zlw2\Debug\cmTC_9a396.exe



